<?xml version="1.0" encoding="UTF-8"?>
<testng-results ignored="0" total="1" passed="1" failed="0" skipped="0">
  <reporter-output>
  </reporter-output>
  <suite started-at="2021-12-06T15:36:30 CET" name="Page Object Model" finished-at="2021-12-06T15:37:34 CET" duration-ms="64296">
    <groups>
    </groups>
    <test started-at="2021-12-06T15:36:30 CET" name="Bank Manager Login Test" finished-at="2021-12-06T15:37:34 CET" duration-ms="64296">
      <class name="testcases.LoginTest">
        <test-method signature="loginTest()[pri:0, instance:testcases.LoginTest@55b5cd2b]" started-at="2021-12-06T15:36:30 CET" name="loginTest" finished-at="2021-12-06T15:37:34 CET" duration-ms="64126" status="PASS">
          <reporter-output>
          </reporter-output>
        </test-method> <!-- loginTest -->
        <test-method is-config="true" signature="tearDown()[pri:0, instance:testcases.LoginTest@55b5cd2b]" started-at="2021-12-06T15:37:34 CET" name="tearDown" finished-at="2021-12-06T15:37:34 CET" duration-ms="2" status="PASS">
          <reporter-output>
          </reporter-output>
        </test-method> <!-- tearDown -->
      </class> <!-- testcases.LoginTest -->
    </test> <!-- Bank Manager Login Test -->
  </suite> <!-- Page Object Model -->
</testng-results>
